[2019-06-19 19:20:49] main.INFO: Login failed, email=jerry@jerry.com, from IP=::1 [] []
[2019-06-19 19:20:55] main.INFO: Login successful, email=jerry@jerry.com, from IP=::1 [] []
[2019-06-20 15:35:13] main.ERROR: SQL Error: Table 'slimshop17.articles' doesn't exist [] []
[2019-06-20 15:35:13] main.ERROR: SQL Query: SELECT * FROM articles [] []
[2019-06-20 15:36:35] main.ERROR: SQL Error: Table 'slimshop17.articles' doesn't exist [] []
[2019-06-20 15:36:35] main.ERROR: SQL Query: SELECT * FROM articles [] []
[2019-06-20 15:36:54] main.ERROR: SQL Error: Table 'slimshop17.articles' doesn't exist [] []
[2019-06-20 15:36:54] main.ERROR: SQL Query: SELECT * FROM articles [] []
[2019-06-20 15:39:46] main.ERROR: SQL Error: Table 'slimshop17.articles' doesn't exist [] []
[2019-06-20 15:39:46] main.ERROR: SQL Query: SELECT * FROM articles [] []
[2019-06-20 15:40:40] main.ERROR: SQL Error: Table 'slimshop17.articles' doesn't exist [] []
[2019-06-20 15:40:40] main.ERROR: SQL Query: SELECT * FROM articles [] []
[2019-06-20 15:43:16] main.ERROR: SQL Error: Unable to connect to MySQL server! Error: Access denied for user 'slimshop17'@'localhost' to database 'slimshop177' [] []
[2019-06-20 15:44:13] main.ERROR: SQL Error: Unable to connect to MySQL server! Error: Access denied for user 'slimshop17'@'localhost' to database 'slimshop177' [] []
[2019-06-20 15:50:25] main.ERROR: SQL Error: Table 'slimshop17.articles' doesn't exist [] []
[2019-06-20 15:50:25] main.ERROR: SQL Query: SELECT * FROM articles [] []
[2019-06-20 15:50:34] main.INFO: Login successful, email=maria@maria.com, from IP=::1 [] []
[2019-06-20 15:50:40] main.ERROR: SQL Error: You have an error in your SQL syntax; check the manual that corresponds to your MariaDB server version for the right syntax to use near '*** FROM products' at line 1 [] []
[2019-06-20 15:50:40] main.ERROR: SQL Query: SELECT **** FROM products [] []
[2019-06-25 15:08:41] main.INFO: Login failed, email=jerry@jerry.com, from IP=::1 [] []
[2019-06-25 15:09:40] main.INFO: Login successful, email=maria@maria.com, from IP=::1 [] []
[2019-06-25 17:48:55] main.DEBUG: a [] []
[2019-06-25 17:48:55] main.DEBUG: accc [] []
[2019-06-25 17:48:55] main.DEBUG: aDDD [] []
[2019-06-25 17:50:53] main.DEBUG: a uploads/teddybear.jpg [] []
[2019-06-25 17:50:53] main.DEBUG: accc [] []
[2019-06-25 17:50:53] main.DEBUG: aDDD [] []
[2019-06-25 17:52:50] main.DEBUG: a uploads/teddybear.jpg C:\xampp\tmp\php9C60.tmp [] []
[2019-06-25 17:52:50] main.DEBUG: accc [] []
[2019-06-25 17:52:50] main.DEBUG: aDDD [] []
[2019-06-25 17:55:07] main.DEBUG: a uploads/acaijellybeans.jpg C:\xampp\tmp\phpB118.tmp [] []
[2019-06-25 17:55:07] main.DEBUG: abb [] []
[2019-06-25 17:55:23] main.DEBUG: a uploads/cat4.jpg C:\xampp\tmp\phpEFF7.tmp [] []
[2019-06-25 17:55:23] main.DEBUG: accc [] []
[2019-06-25 17:55:23] main.DEBUG: aDDD [] []
[2019-06-25 17:56:16] main.DEBUG: a uploads/cat3.jpg C:\xampp\tmp\phpBEA2.tmp [] []
[2019-06-25 17:56:16] main.DEBUG: accc [] []
[2019-06-25 17:56:16] main.DEBUG: aDDD [] []
[2019-06-25 17:56:38] main.DEBUG: a uploads/cat3_1.jpg C:\xampp\tmp\php1752.tmp [] []
[2019-06-25 17:56:38] main.DEBUG: abb [] []
[2019-06-25 17:57:10] main.DEBUG: a uploads/acaijellybeans.jpg C:\xampp\tmp\php929D.tmp [] []
[2019-06-25 17:57:10] main.DEBUG: accc [] []
[2019-06-25 17:57:10] main.DEBUG: aDDD [] []
[2019-06-27 14:49:00] main.INFO: Login successful, email=maria@maria.com, from IP=::1 [] []
